make all --print-data-base --no-builtin-variables --no-builtin-rules --question
make -C ./libft
# GNU Make 4.1
# Built for x86_64-pc-linux-gnu
# Copyright (C) 1988-2014 Free Software Foundation, Inc.
# License GPLv3+: GNU GPL version 3 or later <http://gnu.org/licenses/gpl.html>
# This is free software: you are free to change and redistribute it.
# There is NO WARRANTY, to the extent permitted by law.

# Make data base, printed on Mon Jan 24 17:20:29 2022

# Variables

# automatic
<D = $(patsubst %/,%,$(dir $<))
# automatic
?F = $(notdir $?)
# environment
DESKTOP_SESSION = xubuntu
# default
.SHELLFLAGS := -c
# environment
XDG_SESSION_TYPE = x11
# environment
VSCODE_LOG_NATIVE = false
# automatic
?D = $(patsubst %/,%,$(dir $?))
# automatic
@D = $(patsubst %/,%,$(dir $@))
# environment
XAUTHORITY = /home/user42/.Xauthority
# environment
GDMSESSION = xubuntu
# default
MAKE_VERSION := 4.1
# makefile
CURDIR := /home/user42/Documents/so_long/libft
# makefile
SHELL = /bin/sh
# environment
GDM_LANG = fr_FR
# environment
VSCODE_NLS_CONFIG = {"locale":"fr","availableLanguages":{},"_languagePackSupport":true}
# environment
_ = /usr/share/code/code
# makefile (from 'Makefile', line 29)
CFLAGS = -Wall -Wextra -Werror
# environment
XDG_CONFIG_DIRS = /etc/xdg/xdg-xubuntu:/etc/xdg:/etc/xdg
# environment
GTK_OVERLAY_SCROLLING = 0
# makefile (from 'Makefile', line 1)
MAKEFILE_LIST :=  Makefile
# automatic
@F = $(notdir $@)
# 'override' directive
GNUMAKEFLAGS := 
# environment
MAKELEVEL := 1
# environment
XDG_DATA_DIRS = /usr/share/xubuntu:/usr/share/xfce4:/usr/local/share:/usr/share:/var/lib/snapd/desktop:/usr/share
# makefile (from 'Makefile', line 21)
BSRCS = ft_lstadd_back.c ft_lstadd_front.c ft_lstclear.c ft_lstdelone.c ft_lstiter.c ft_lstlast.c ft_lstlast.c ft_lstmap.c ft_lstnew.c ft_lstsize.c
# environment
DBUS_SESSION_BUS_ADDRESS = unix:path=/run/user/1001/bus
# environment
VSCODE_VERBOSE_LOGGING = true
# environment
GLADE_PIXMAP_PATH = :
# makefile (from 'Makefile', line 26)
OBJS = $(addprefix $(DIR_OBJ)/,$(SRCS:.c=.o))
# environment
VSCODE_IPC_HOOK_EXTHOST = /run/user/1001/vscode-ipc-1ee9582f-37bb-4c0b-b035-5effe52bafaf.sock
# environment
VSCODE_CWD = /home/user42
# environment
XDG_SESSION_PATH = /org/freedesktop/DisplayManager/Session0
# default
MAKE_HOST := x86_64-pc-linux-gnu
# environment
PATH = /usr/local/sbin:/usr/local/bin:/usr/sbin:/usr/bin:/sbin:/bin:/usr/games:/usr/local/games:/snap/bin
# environment
GPG_AGENT_INFO = /run/user/1001/gnupg/S.gpg-agent:0:1
# environment
LSCOLORS = Gxfxcxdxbxegedabagacad
# environment
SESSION_MANAGER = local/salty-VirtualBox:@/tmp/.ICE-unix/2041,unix/salty-VirtualBox:/tmp/.ICE-unix/2041
# environment
XDG_RUNTIME_DIR = /run/user/1001
# makefile (from 'Makefile', line 33)
AR = ar rc
# environment
XDG_MENU_PREFIX = xfce-
# environment
VSCODE_LOG_STACK = false
# environment
VSCODE_CRASH_REPORTER_START_OPTIONS = {"companyName":"Microsoft","productName":"VSCode","submitURL":"appcenter://code?aid=fba07a4d-84bd-4fc8-a125-9640fc8ce171&uid=d461af42-4f1b-4841-b8a3-28c4a021fb72&iid=d461af42-4f1b-4841-b8a3-28c4a021fb72&sid=d461af42-4f1b-4841-b8a3-28c4a021fb72","uploadToServer":true}
# default
.FEATURES := target-specific order-only second-expansion else-if shortest-stem undefine oneshell archives jobserver output-sync check-symlink load
# environment
GLADE_MODULE_PATH = :
# environment
XDG_GREETER_DATA_DIR = /var/lib/lightdm-data/user42
# environment
LS_COLORS = 
# environment
XDG_SESSION_DESKTOP = xubuntu
# environment
SSH_AUTH_SOCK = /run/user/1001/keyring/ssh
# automatic
%F = $(notdir $%)
# environment
DISPLAY = :0.0
# environment
VSCODE_PIPE_LOGGING = true
# environment
PWD = /home/user42/Documents/so_long
# environment
QT_QPA_PLATFORMTHEME = gtk2
# environment
XDG_SEAT = seat0
# environment
SSH_AGENT_PID = 2023
# environment
ORIGINAL_XDG_CURRENT_DESKTOP = XFCE
# makefile (from 'Makefile', line 32)
HEAD = libft.h
# environment
VSCODE_AMD_ENTRYPOINT = vs/workbench/services/extensions/node/extensionHostProcess
# environment
HOME = /home/user42
# environment
VSCODE_CODE_CACHE_PATH = /home/user42/.config/Code/CachedData/899d46d82c4c95423fb7e10e68eba52050e30ba3
# environment
LOGNAME = user42
# environment
APPLICATION_INSIGHTS_NO_DIAGNOSTIC_CHANNEL = true
# environment
ZSH = /home/user42/.oh-my-zsh
# environment
VSCODE_HANDLES_UNCAUGHT_ERRORS = true
# automatic
^D = $(patsubst %/,%,$(dir $^))
# environment
XDG_VTNR = 7
# environment
CLUTTER_BACKEND = x11
# environment
GLADE_CATALOG_PATH = :
# default
MAKE = $(MAKE_COMMAND)
# makefile (from 'Makefile', line 13)
SRCS = ft_atoi.c ft_bzero.c ft_calloc.c ft_isalnum.c ft_isalpha.c ft_isascii.c ft_isdigit.c ft_isprint.c ft_itoa.c ft_memchr.c ft_memcmp.c ft_memcpy.c ft_memmove.c ft_memset.c ft_putchar_fd.c ft_putendl_fd.c ft_putnbr_fd.c ft_putstr_fd.c ft_split.c ft_strchr.c ft_strdup.c ft_striteri.c ft_strjoin.c ft_strlcat.c ft_strlcpy.c ft_strlen.c ft_strmapi.c ft_strncmp.c ft_strnstr.c ft_strrchr.c ft_strtrim.c ft_substr.c ft_tolower.c ft_toupper.c
# environment
SHLVL = 0
# makefile (from 'Makefile', line 30)
CC = gcc
# environment
XDG_SESSION_ID = c2
# environment
USER = user42
# makefile
.DEFAULT_GOAL := all
# environment
XDG_CURRENT_DESKTOP = XFCE
# makefile (from 'Makefile', line 31)
NAME = libft.a
# environment
LESS = -R
# automatic
%D = $(patsubst %/,%,$(dir $%))
# makefile (from 'Makefile', line 25)
DIR_OBJ = obj
# default
MAKE_COMMAND := make
# environment
OLDPWD = /home/user42
# default
.VARIABLES := 
# automatic
*F = $(notdir $*)
# environment
LANGUAGE = fr_FR
# environment
XDG_SEAT_PATH = /org/freedesktop/DisplayManager/Seat0
# environment
VSCODE_IPC_HOOK = /run/user/1001/vscode-6f96cc86-1.63.2-main.sock
# makefile
MAKEFLAGS = pqrRw
# environment
MFLAGS = -pqrRw
# automatic
*D = $(patsubst %/,%,$(dir $*))
# environment
BREAKPAD_DUMP_LOCATION = /home/user42/.config/Code/exthost Crash Reports
# automatic
+D = $(patsubst %/,%,$(dir $+))
# environment
GDK_BACKEND = x11
# automatic
+F = $(notdir $+)
# environment
S_COLORS = auto
# environment
QT_ACCESSIBILITY = 1
# default
MAKEFILES := 
# automatic
<F = $(notdir $<)
# environment
ELECTRON_RUN_AS_NODE = 1
# environment
PAGER = less
# environment
LC_ALL = C
# automatic
^F = $(notdir $^)
# default
SUFFIXES := 
# environment
CHROME_DESKTOP = code-url-handler.desktop
# makefile (from 'Makefile', line 27)
BOBJS = $(addprefix $(DIR_OBJ)/,$(BSRCS:.c=.o))
# default
.INCLUDE_DIRS = /usr/include /usr/local/include /usr/include
# default
.RECIPEPREFIX := 
# environment
LANG = C
# environment
VSCODE_PID = 2313
# variable set hash-table stats:
# Load=109/1024=11%, Rehash=0, Collisions=19/146=13%

# Pattern-specific Variable Values

# No pattern-specific variable values.

# Directories

# . (device 2049, inode 527719): 50 files, no impossibilities.

# 50 files, no impossibilities in 1 directories.

# Implicit Rules

obj/%.o: %.c libft.h
#  recipe to execute (from 'Makefile', line 44):
	@mkdir -p $(DIR_OBJ)
	$(CC) $(CFLAGS) -c $< -o $@

# 1 implicit rules, 0 (0.0%) terminal.

# Files

obj/ft_strlcpy.o: ft_strlcpy.c libft.h
#  Implicit rule search has been done.
#  Implicit/static pattern stem: 'ft_strlcpy'
#  Last modified 2022-01-24 17:20:04.072070661
#  File has been updated.
#  Successfully updated.
#  recipe to execute (from 'Makefile', line 44):
	@mkdir -p $(DIR_OBJ)
	$(CC) $(CFLAGS) -c $< -o $@

# Not a target:
ft_strncmp.c:
#  Implicit rule search has been done.
#  Last modified 2021-12-29 13:44:54.879908453
#  File has been updated.
#  Successfully updated.

# Not a target:
obj/ft_lstmap.o:
#  Implicit rule search has not been done.
#  Modification time never checked.
#  File has not been updated.

# Not a target:
 
ft_memchr.c:
#  Implicit rule search has been done.
#  Last modified 2021-12-29 13:44:54.879908453
#  File has been updated.
#  Successfully updated.

obj/ft_strncmp.o: ft_strncmp.c libft.h
#  Implicit rule search has been done.
#  Implicit/static pattern stem: 'ft_strncmp'
#  Last modified 2022-01-24 17:20:04.452070668
#  File has been updated.
#  Successfully updated.
#  recipe to execute (from 'Makefile', line 44):
	@mkdir -p $(DIR_OBJ)
	$(CC) $(CFLAGS) -c $< -o $@

# Not a target:
ft_isalnum.c:
#  Implicit rule search has been done.
#  Last modified 2021-12-29 13:44:54.879908453
#  File has been updated.
#  Successfully updated.

obj/ft_isalnum.o: ft_isalnum.c libft.h
#  Implicit rule search has been done.
#  Implicit/static pattern stem: 'ft_isalnum'
#  Last modified 2022-01-24 17:20:01.556070611
#  File has been updated.
#  Successfully updated.
#  recipe to execute (from 'Makefile', line 44):
	@mkdir -p $(DIR_OBJ)
	$(CC) $(CFLAGS) -c $< -o $@

# Not a target:
ft_strdup.c:
#  Implicit rule search has been done.
#  Last modified 2021-12-29 13:44:54.879908453
#  File has been updated.
#  Successfully updated.

# Not a target:
obj/ft_lstadd_front.o:
#  Implicit rule search has not been done.
#  Modification time never checked.
#  File has not been updated.

obj/ft_isascii.o: ft_isascii.c libft.h
#  Implicit rule search has been done.
#  Implicit/static pattern stem: 'ft_isascii'
#  Last modified 2022-01-24 17:20:01.700070614
#  File has been updated.
#  Successfully updated.
#  recipe to execute (from 'Makefile', line 44):
	@mkdir -p $(DIR_OBJ)
	$(CC) $(CFLAGS) -c $< -o $@

# Not a target:
ft_memmove.c:
#  Implicit rule search has been done.
#  Last modified 2021-12-29 13:44:54.879908453
#  File has been updated.
#  Successfully updated.

obj/ft_strdup.o: ft_strdup.c libft.h
#  Implicit rule search has been done.
#  Implicit/static pattern stem: 'ft_strdup'
#  Last modified 2022-01-24 17:20:03.568070651
#  File has been updated.
#  Successfully updated.
#  recipe to execute (from 'Makefile', line 44):
	@mkdir -p $(DIR_OBJ)
	$(CC) $(CFLAGS) -c $< -o $@

# Not a target:
obj/ft_lstdelone.o:
#  Implicit rule search has not been done.
#  Modification time never checked.
#  File has not been updated.

obj/ft_memmove.o: ft_memmove.c libft.h
#  Implicit rule search has been done.
#  Implicit/static pattern stem: 'ft_memmove'
#  Last modified 2022-01-24 17:20:02.536070631
#  File has been updated.
#  Successfully updated.
#  recipe to execute (from 'Makefile', line 44):
	@mkdir -p $(DIR_OBJ)
	$(CC) $(CFLAGS) -c $< -o $@

all: libft.a
#  Phony target (prerequisite of .PHONY).
#  Implicit rule search has not been done.
#  File does not exist.
#  File has been updated.
#  Successfully updated.

obj/ft_strchr.o: ft_strchr.c libft.h
#  Implicit rule search has been done.
#  Implicit/static pattern stem: 'ft_strchr'
#  Last modified 2022-01-24 17:20:03.448070649
#  File has been updated.
#  Successfully updated.
#  recipe to execute (from 'Makefile', line 44):
	@mkdir -p $(DIR_OBJ)
	$(CC) $(CFLAGS) -c $< -o $@

# Not a target:
ft_toupper.c:
#  Implicit rule search has been done.
#  Last modified 2021-12-29 13:44:54.879908453
#  File has been updated.
#  Successfully updated.

.PHONY: all clean fclean re bonus
#  Implicit rule search has not been done.
#  Modification time never checked.
#  File has not been updated.

obj/ft_toupper.o: ft_toupper.c libft.h
#  Implicit rule search has been done.
#  Implicit/static pattern stem: 'ft_toupper'
#  Last modified 2022-01-24 17:20:05.172070683
#  File has been updated.
#  Successfully updated.
#  recipe to execute (from 'Makefile', line 44):
	@mkdir -p $(DIR_OBJ)
	$(CC) $(CFLAGS) -c $< -o $@

# Not a target:
ft_strchr.c:
#  Implicit rule search has been done.
#  Last modified 2021-12-29 13:44:54.879908453
#  File has been updated.
#  Successfully updated.

# Not a target:
ft_strnstr.c:
#  Implicit rule search has been done.
#  Last modified 2021-12-29 13:44:54.879908453
#  File has been updated.
#  Successfully updated.

# Not a target:
ft_putstr_fd.c:
#  Implicit rule search has been done.
#  Last modified 2021-12-29 13:44:54.879908453
#  File has been updated.
#  Successfully updated.

obj/ft_strnstr.o: ft_strnstr.c libft.h
#  Implicit rule search has been done.
#  Implicit/static pattern stem: 'ft_strnstr'
#  Last modified 2022-01-24 17:20:04.572070671
#  File has been updated.
#  Successfully updated.
#  recipe to execute (from 'Makefile', line 44):
	@mkdir -p $(DIR_OBJ)
	$(CC) $(CFLAGS) -c $< -o $@

obj/ft_putstr_fd.o: ft_putstr_fd.c libft.h
#  Implicit rule search has been done.
#  Implicit/static pattern stem: 'ft_putstr_fd'
#  Last modified 2022-01-24 17:20:03.156070643
#  File has been updated.
#  Successfully updated.
#  recipe to execute (from 'Makefile', line 44):
	@mkdir -p $(DIR_OBJ)
	$(CC) $(CFLAGS) -c $< -o $@

# Not a target:
ft_putchar_fd.c:
#  Implicit rule search has been done.
#  Last modified 2021-12-29 13:44:54.879908453
#  File has been updated.
#  Successfully updated.

# Not a target:
ft_atoi.c:
#  Implicit rule search has been done.
#  Last modified 2021-12-29 13:44:54.879908453
#  File has been updated.
#  Successfully updated.

obj/ft_putchar_fd.o: ft_putchar_fd.c libft.h
#  Implicit rule search has been done.
#  Implicit/static pattern stem: 'ft_putchar_fd'
#  Last modified 2022-01-24 17:20:02.776070635
#  File has been updated.
#  Successfully updated.
#  recipe to execute (from 'Makefile', line 44):
	@mkdir -p $(DIR_OBJ)
	$(CC) $(CFLAGS) -c $< -o $@

obj/ft_atoi.o: ft_atoi.c libft.h
#  Implicit rule search has been done.
#  Implicit/static pattern stem: 'ft_atoi'
#  Last modified 2022-01-24 17:20:01.200070604
#  File has been updated.
#  Successfully updated.
#  recipe to execute (from 'Makefile', line 44):
	@mkdir -p $(DIR_OBJ)
	$(CC) $(CFLAGS) -c $< -o $@

# Not a target:
ft_strtrim.c:
#  Implicit rule search has been done.
#  Last modified 2021-12-29 13:44:54.879908453
#  File has been updated.
#  Successfully updated.

# Not a target:
Makefile:
#  Implicit rule search has been done.
#  Last modified 2021-12-29 13:44:54.879908453
#  File has been updated.
#  Successfully updated.

obj/ft_strtrim.o: ft_strtrim.c libft.h
#  Implicit rule search has been done.
#  Implicit/static pattern stem: 'ft_strtrim'
#  Last modified 2022-01-24 17:20:04.868070677
#  File has been updated.
#  Successfully updated.
#  recipe to execute (from 'Makefile', line 44):
	@mkdir -p $(DIR_OBJ)
	$(CC) $(CFLAGS) -c $< -o $@

libft.a: obj/ft_atoi.o obj/ft_bzero.o obj/ft_calloc.o obj/ft_isalnum.o obj/ft_isalpha.o obj/ft_isascii.o obj/ft_isdigit.o obj/ft_isprint.o obj/ft_itoa.o obj/ft_memchr.o obj/ft_memcmp.o obj/ft_memcpy.o obj/ft_memmove.o obj/ft_memset.o obj/ft_putchar_fd.o obj/ft_putendl_fd.o obj/ft_putnbr_fd.o obj/ft_putstr_fd.o obj/ft_split.o obj/ft_strchr.o obj/ft_strdup.o obj/ft_striteri.o obj/ft_strjoin.o obj/ft_strlcat.o obj/ft_strlcpy.o obj/ft_strlen.o obj/ft_strmapi.o obj/ft_strncmp.o obj/ft_strnstr.o obj/ft_strrchr.o obj/ft_strtrim.o obj/ft_substr.o obj/ft_tolower.o obj/ft_toupper.o
#  Implicit rule search has not been done.
#  Last modified 2022-01-24 17:20:05.200070683
#  File has been updated.
#  Successfully updated.
#  recipe to execute (from 'Makefile', line 38):
	$(AR) $@ $^

# Not a target:
obj/ft_lstadd_back.o:
#  Implicit rule search has not been done.
#  Modification time never checked.
#  File has not been updated.

# Not a target:
ft_putendl_fd.c:
#  Implicit rule search has been done.
#  Last modified 2021-12-29 13:44:54.879908453
#  File has been updated.
#  Successfully updated.

# Not a target:
ft_strmapi.c:
#  Implicit rule search has been done.
#  Last modified 2021-12-29 13:44:54.879908453
#  File has been updated.
#  Successfully updated.

obj/ft_putendl_fd.o: ft_putendl_fd.c libft.h
#  Implicit rule search has been done.
#  Implicit/static pattern stem: 'ft_putendl_fd'
#  Last modified 2022-01-24 17:20:02.896070638
#  File has been updated.
#  Successfully updated.
#  recipe to execute (from 'Makefile', line 44):
	@mkdir -p $(DIR_OBJ)
	$(CC) $(CFLAGS) -c $< -o $@

obj/ft_strmapi.o: ft_strmapi.c libft.h
#  Implicit rule search has been done.
#  Implicit/static pattern stem: 'ft_strmapi'
#  Last modified 2022-01-24 17:20:04.320070666
#  File has been updated.
#  Successfully updated.
#  recipe to execute (from 'Makefile', line 44):
	@mkdir -p $(DIR_OBJ)
	$(CC) $(CFLAGS) -c $< -o $@

# Not a target:
obj/ft_lstiter.o:
 
#  Implicit rule search has not been done.
#  Modification time never checked.
#  File has not been updated.

# Not a target:
ft_memcpy.c:
#  Implicit rule search has been done.
#  Last modified 2021-12-29 13:44:54.879908453
#  File has been updated.
#  Successfully updated.

# Not a target:
ft_itoa.c:
#  Implicit rule search has been done.
#  Last modified 2021-12-29 13:44:54.879908453
#  File has been updated.
#  Successfully updated.

# Not a target:
ft_memcmp.c:
#  Implicit rule search has been done.
#  Last modified 2021-12-29 13:44:54.879908453
#  File has been updated.
#  Successfully updated.

# Not a target:
ft_strlen.c:
#  Implicit rule search has been done.
#  Last modified 2021-12-29 13:44:54.879908453
#  File has been updated.
#  Successfully updated.

obj/ft_memcpy.o: ft_memcpy.c libft.h
#  Implicit rule search has been done.
#  Implicit/static pattern stem: 'ft_memcpy'
#  Last modified 2022-01-24 17:20:02.388070628
#  File has been updated.
#  Successfully updated.
#  recipe to execute (from 'Makefile', line 44):
	@mkdir -p $(DIR_OBJ)
	$(CC) $(CFLAGS) -c $< -o $@

obj/ft_itoa.o: ft_itoa.c libft.h
#  Implicit rule search has been done.
#  Implicit/static pattern stem: 'ft_itoa'
#  Last modified 2022-01-24 17:20:01.98807062
#  File has been updated.
#  Successfully updated.
#  recipe to execute (from 'Makefile', line 44):
	@mkdir -p $(DIR_OBJ)
	$(CC) $(CFLAGS) -c $< -o $@

# Not a target:
ft_isdigit.c:
#  Implicit rule search has been done.
#  Last modified 2021-12-29 13:44:54.879908453
#  File has been updated.
#  Successfully updated.

obj/ft_memcmp.o: ft_memcmp.c libft.h
#  Implicit rule search has been done.
#  Implicit/static pattern stem: 'ft_memcmp'
#  Last modified 2022-01-24 17:20:02.276070626
#  File has been updated.
#  Successfully updated.
#  recipe to execute (from 'Makefile', line 44):
	@mkdir -p $(DIR_OBJ)
	$(CC) $(CFLAGS) -c $< -o $@

obj/ft_strlen.o: ft_strlen.c libft.h
#  Implicit rule search has been done.
#  Implicit/static pattern stem: 'ft_strlen'
#  Last modified 2022-01-24 17:20:04.204070663
#  File has been updated.
#  Successfully updated.
#  recipe to execute (from 'Makefile', line 44):
	@mkdir -p $(DIR_OBJ)
	$(CC) $(CFLAGS) -c $< -o $@

obj/ft_isdigit.o: ft_isdigit.c libft.h
#  Implicit rule search has been done.
#  Implicit/static pattern stem: 'ft_isdigit'
#  Last modified 2022-01-24 17:20:01.768070616
#  File has been updated.
#  Successfully updated.
#  recipe to execute (from 'Makefile', line 44):
	@mkdir -p $(DIR_OBJ)
	$(CC) $(CFLAGS) -c $< -o $@

bonus: obj/ft_lstadd_back.o obj/ft_lstadd_front.o obj/ft_lstclear.o obj/ft_lstdelone.o obj/ft_lstiter.o obj/ft_lstlast.o obj/ft_lstlast.o obj/ft_lstmap.o obj/ft_lstnew.o obj/ft_lstsize.o
#  Phony target (prerequisite of .PHONY).
#  Implicit rule search has not been done.
#  File does not exist.
#  File has not been updated.
#  recipe to execute (from 'Makefile', line 41):
	$(AR) $(NAME) $^

fclean: clean
#  Phony target (prerequisite of .PHONY).
#  Implicit rule search has not been done.
#  File does not exist.
#  File has not been updated.
#  recipe to execute (from 'Makefile', line 51):
	rm -rf $(NAME)

# Not a target:
obj/ft_lstlast.o:
#  Implicit rule search has not been done.
#  Modification time never checked.
#  File has not been updated.

obj/ft_memchr.o: ft_memchr.c libft.h
#  Implicit rule search has been done.
#  Implicit/static pattern stem: 'ft_memchr'
#  Last modified 2022-01-24 17:20:02.100070622
#  File has been updated.
#  Successfully updated.
#  recipe to execute (from 'Makefile', line 44):
	@mkdir -p $(DIR_OBJ)
	$(CC) $(CFLAGS) -c $< -o $@

obj/ft_memset.o: ft_memset.c libft.h
#  Implicit rule search has been done.
#  Implicit/static pattern stem: 'ft_memset'
#  Last modified 2022-01-24 17:20:02.672070633
#  File has been updated.
#  Successfully updated.
#  recipe to execute (from 'Makefile', line 44):
	@mkdir -p $(DIR_OBJ)
	$(CC) $(CFLAGS) -c $< -o $@

# Not a target:
ft_tolower.c:
#  Implicit rule search has been done.
#  Last modified 2021-12-29 13:44:54.879908453
#  File has been updated.
#  Successfully updated.

# Not a target:
ft_strrchr.c:
#  Implicit rule search has been done.
#  Last modified 2021-12-29 13:44:54.879908453
#  File has been updated.
#  Successfully updated.

# Not a target:
ft_strjoin.c:
#  Implicit rule search has been done.
#  Last modified 2021-12-29 13:44:54.879908453
#  File has been updated.
#  Successfully updated.

# Not a target:
ft_split.c:
#  Implicit rule search has been done.
#  Last modified 2022-01-23 17:13:51.098506175
#  File has been updated.
#  Successfully updated.

obj/ft_tolower.o: ft_tolower.c libft.h
#  Implicit rule search has been done.
#  Implicit/static pattern stem: 'ft_tolower'
#  Last modified 2022-01-24 17:20:05.092070681
#  File has been updated.
#  Successfully updated.
#  recipe to execute (from 'Makefile', line 44):
	@mkdir -p $(DIR_OBJ)
	$(CC) $(CFLAGS) -c $< -o $@

obj/ft_strrchr.o: ft_strrchr.c libft.h
#  Implicit rule search has been done.
#  Implicit/static pattern stem: 'ft_strrchr'
#  Last modified 2022-01-24 17:20:04.704070673
#  File has been updated.
#  Successfully updated.
#  recipe to execute (from 'Makefile', line 44):
	@mkdir -p $(DIR_OBJ)
	$(CC) $(CFLAGS) -c $< -o $@

obj/ft_strjoin.o: ft_strjoin.c libft.h
#  Implicit rule search has been done.
#  Implicit/static pattern stem: 'ft_strjoin'
#  Last modified 2022-01-24 17:20:03.824070656
#  File has been updated.
#  Successfully updated.
#  recipe to execute (from 'Makefile', line 44):
	@mkdir -p $(DIR_OBJ)
	$(CC) $(CFLAGS) -c $< -o $@

obj/ft_split.o: ft_split.c libft.h
#  Implicit rule search has been done.
#  Implicit/static pattern stem: 'ft_split'
#  Last modified 2022-01-24 17:20:03.308070646
#  File has been updated.
#  Successfully updated.
#  recipe to execute (from 'Makefile', line 44):
	@mkdir -p $(DIR_OBJ)
	$(CC) $(CFLAGS) -c $< -o $@

# Not a target:
obj/ft_lstclear.o:
#  Implicit rule search has not been done.
#  Modification time never checked.
#  File has not been updated.

# Not a target:
.DEFAULT:
#  Implicit rule search has not been done.
#  Modification time never checked.
#  File has not been updated.

# Not a target:
ft_strlcat.c:
#  Implicit rule search has been done.
#  Last modified 2021-12-29 13:44:54.879908453
#  File has been updated.
#  Successfully updated.

obj/ft_strlcat.o: ft_strlcat.c libft.h
#  Implicit rule search has been done.
#  Implicit/static pattern stem: 'ft_strlcat'
#  Last modified 2022-01-24 17:20:03.936070658
#  File has been updated.
#  Successfully updated.
#  recipe to execute (from 'Makefile', line 44):
	@mkdir -p $(DIR_OBJ)
	$(CC) $(CFLAGS) -c $< -o $@

# Not a target:
ft_bzero.c:
#  Implicit rule search has been done.
#  Last modified 2021-12-29 13:44:54.879908453
#  File has been updated.
#  Successfully updated.

# Not a target:
ft_isprint.c:
#  Implicit rule search has been done.
#  Last modified 2021-12-29 13:44:54.879908453
#  File has been updated.
#  Successfully updated.

# Not a target:
ft_isascii.c:
#  Implicit rule search has been done.
#  Last modified 2021-12-29 13:44:54.879908453
#  File has been updated.
#  Successfully updated.

obj/ft_bzero.o: ft_bzero.c libft.h
#  Implicit rule search has been done.
#  Implicit/static pattern stem: 'ft_bzero'
#  Last modified 2022-01-24 17:20:01.336070607
#  File has been updated.
#  Successfully updated.
#  recipe to execute (from 'Makefile', line 44):
	@mkdir -p $(DIR_OBJ)
	$(CC) $(CFLAGS) -c $< -o $@

re: fclean all
#  Phony target (prerequisite of .PHONY).
#  Implicit rule search has not been done.
#  File does not exist.
#  File has not been updated.

obj/ft_isprint.o: ft_isprint.c libft.h
#  Implicit rule search has been done.
#  Implicit/static pattern stem: 'ft_isprint'
#  Last modified 2022-01-24 17:20:01.852070617
#  File has been updated.
#  Successfully updated.
#  recipe to execute (from 'Makefile', line 44):
	@mkdir -p $(DIR_OBJ)
	$(CC) $(CFLAGS) -c $< -o $@

clean:
#  Phony target (prerequisite of .PHONY).
#  Implicit rule search has not been done.
 
#  File does not exist.
#  File has not been updated.
#  recipe to execute (from 'Makefile', line 48):
	rm -rf $(OBJS) $(BOBJS) $(DIR_OBJ)

# Not a target:
ft_striteri.c:
#  Implicit rule search has been done.
#  Last modified 2021-12-29 13:44:54.879908453
#  File has been updated.
#  Successfully updated.

obj/ft_striteri.o: ft_striteri.c libft.h
#  Implicit rule search has been done.
#  Implicit/static pattern stem: 'ft_striteri'
#  Last modified 2022-01-24 17:20:03.692070653
#  File has been updated.
#  Successfully updated.
#  recipe to execute (from 'Makefile', line 44):
	@mkdir -p $(DIR_OBJ)
	$(CC) $(CFLAGS) -c $< -o $@

# Not a target:
libft.h:
#  Implicit rule search has been done.
#  Last modified 2021-12-29 13:44:54.879908453
#  File has been updated.
#  Successfully updated.

# Not a target:
obj/ft_lstnew.o:
#  Implicit rule search has not been done.
#  Modification time never checked.
#  File has not been updated.

# Not a target:
ft_putnbr_fd.c:
#  Implicit rule search has been done.
#  Last modified 2021-12-29 13:44:54.879908453
#  File has been updated.
#  Successfully updated.

# Not a target:
ft_memset.c:
#  Implicit rule search has been done.
#  Last modified 2021-12-29 13:44:54.879908453
#  File has been updated.
#  Successfully updated.

obj/ft_putnbr_fd.o: ft_putnbr_fd.c libft.h
#  Implicit rule search has been done.
#  Implicit/static pattern stem: 'ft_putnbr_fd'
#  Last modified 2022-01-24 17:20:03.01607064
#  File has been updated.
#  Successfully updated.
#  recipe to execute (from 'Makefile', line 44):
	@mkdir -p $(DIR_OBJ)
	$(CC) $(CFLAGS) -c $< -o $@

# Not a target:
ft_calloc.c:
#  Implicit rule search has been done.
#  Last modified 2021-12-29 13:44:54.879908453
#  File has been updated.
#  Successfully updated.

# Not a target:
ft_substr.c:
#  Implicit rule search has been done.
#  Last modified 2021-12-29 13:44:54.879908453
#  File has been updated.
#  Successfully updated.

obj/ft_calloc.o: ft_calloc.c libft.h
#  Implicit rule search has been done.
#  Implicit/static pattern stem: 'ft_calloc'
#  Last modified 2022-01-24 17:20:01.46407061
#  File has been updated.
#  Successfully updated.
#  recipe to execute (from 'Makefile', line 44):
	@mkdir -p $(DIR_OBJ)
	$(CC) $(CFLAGS) -c $< -o $@

obj/ft_substr.o: ft_substr.c libft.h
#  Implicit rule search has been done.
#  Implicit/static pattern stem: 'ft_substr'
#  Last modified 2022-01-24 17:20:04.992070679
#  File has been updated.
#  Successfully updated.
#  recipe to execute (from 'Makefile', line 44):
	@mkdir -p $(DIR_OBJ)
	$(CC) $(CFLAGS) -c $< -o $@

# Not a target:
ft_isalpha.c:
#  Implicit rule search has been done.
#  Last modified 2021-12-29 13:44:54.879908453
#  File has been updated.
#  Successfully updated.

obj/ft_isalpha.o: ft_isalpha.c libft.h
#  Implicit rule search has been done.
#  Implicit/static pattern stem: 'ft_isalpha'
#  Last modified 2022-01-24 17:20:01.620070613
#  File has been updated.
#  Successfully updated.
#  recipe to execute (from 'Makefile', line 44):
	@mkdir -p $(DIR_OBJ)
	$(CC) $(CFLAGS) -c $< -o $@

# Not a target:
obj/ft_lstsize.o:
#  Implicit rule search has not been done.
#  Modification time never checked.
#  File has not been updated.

# Not a target:
ft_strlcpy.c:
#  Implicit rule search has been done.
#  Last modified 2021-12-29 13:44:54.879908453
#  File has been updated.
#  Successfully updated.

# files hash-table stats:
# Load=88/1024=9%, Rehash=0, Collisions=15/323=5%
# VPATH Search Paths

# No 'vpath' search paths.

# No general ('VPATH' variable) search path.

# strcache buffers: 1 (0) / strings = 140 / storage = 1809 B / avg = 12 B
# current buf: size = 8162 B / used = 1809 B / count = 140 / avg = 12 B

# strcache performance: lookups = 298 / hit rate = 53%
# hash-table stats:
# Load=140/8192=2%, Rehash=0, Collisions=2/298=1%
# Finished Make data base on Mon Jan 24 17:20:29 2022

# GNU Make 4.1
# Built for x86_64-pc-linux-gnu
# Copyright (C) 1988-2014 Free Software Foundation, Inc.
# License GPLv3+: GNU GPL version 3 or later <http://gnu.org/licenses/gpl.html>
# This is free software: you are free to change and redistribute it.
# There is NO WARRANTY, to the extent permitted by law.

# Make data base, printed on Mon Jan 24 17:20:29 2022

# Variables

# automatic
<D = $(patsubst %/,%,$(dir $<))
# automatic
?F = $(notdir $?)
# environment
DESKTOP_SESSION = xubuntu
# default
.SHELLFLAGS := -c
# makefile (from 'Makefile', line 12)
OBJ = $(addprefix $(OBJ_DIR)/,$(SRC:.c=.o))
# makefile (from 'Makefile', line 7)
SRC = src/so_long.c src/generate_map.c utils/map_check.c utils/map_read.c utils/error.c gnl/get_next_line.c gnl/get_next_line_utils.c
# environment
XDG_SESSION_TYPE = x11
# environment
VSCODE_LOG_NATIVE = false
# automatic
?D = $(patsubst %/,%,$(dir $?))
# automatic
@D = $(patsubst %/,%,$(dir $@))
# environment
XAUTHORITY = /home/user42/.Xauthority
# environment
GDMSESSION = xubuntu
# default
MAKE_VERSION := 4.1
# makefile
CURDIR := /home/user42/Documents/so_long
# makefile
SHELL = /bin/sh
# environment
GDM_LANG = fr_FR
# environment
VSCODE_NLS_CONFIG = {"locale":"fr","availableLanguages":{},"_languagePackSupport":true}
# environment
_ = /usr/share/code/code
# environment
XDG_CONFIG_DIRS = /etc/xdg/xdg-xubuntu:/etc/xdg:/etc/xdg
# environment
GTK_OVERLAY_SCROLLING = 0
# makefile (from 'Makefile', line 1)
MAKEFILE_LIST :=  Makefile
# automatic
@F = $(notdir $@)
# makefile (from 'Makefile', line 5)
DEBUG = -fsanitize=address -static-libasan -g
# 'override' directive
GNUMAKEFLAGS := 
# makefile (from 'Makefile', line 11)
OBJ_DIR = obj
# environment
MAKELEVEL := 0
# environment
XDG_DATA_DIRS = /usr/share/xubuntu:/usr/share/xfce4:/usr/local/share:/usr/share:/var/lib/snapd/desktop:/usr/share
# environment
DBUS_SESSION_BUS_ADDRESS = unix:path=/run/user/1001/bus
# environment
VSCODE_VERBOSE_LOGGING = true
# environment
GLADE_PIXMAP_PATH = :
# environment
VSCODE_IPC_HOOK_EXTHOST = /run/user/1001/vscode-ipc-1ee9582f-37bb-4c0b-b035-5effe52bafaf.sock
# environment
VSCODE_CWD = /home/user42
# environment
XDG_SESSION_PATH = /org/freedesktop/DisplayManager/Session0
# default
MAKE_HOST := x86_64-pc-linux-gnu
# environment
PATH = /usr/local/sbin:/usr/local/bin:/usr/sbin:/usr/bin:/sbin:/bin:/usr/games:/usr/local/games:/snap/bin
# environment
GPG_AGENT_INFO = /run/user/1001/gnupg/S.gpg-agent:0:1
# environment
LSCOLORS = Gxfxcxdxbxegedabagacad
# environment
SESSION_MANAGER = local/salty-VirtualBox:@/tmp/.ICE-unix/2041,unix/salty-VirtualBox:/tmp/.ICE-unix/2041
# environment
XDG_RUNTIME_DIR = /run/user/1001
# environment
XDG_MENU_PREFIX = xfce-
# environment
VSCODE_LOG_STACK = false
# environment
VSCODE_CRASH_REPORTER_START_OPTIONS = {"companyName":"Microsoft","productName":"VSCode","submitURL":"appcenter://code?aid=fba07a4d-84bd-4fc8-a125-9640fc8ce171&uid=d461af42-4f1b-4841-b8a3-28c4a021fb72&iid=d461af42-4f1b-4841-b8a3-28c4a021fb72&sid=d461af42-4f1b-4841-b8a3-28c4a021fb72","uploadToServer":true}
# default
.FEATURES := target-specific order-only second-expansion else-if shortest-stem undefine oneshell archives jobserver output-sync check-symlink load
# environment
GLADE_MODULE_PATH = :
# environment
XDG_GREETER_DATA_DIR = /var/lib/lightdm-data/user42
# environment
LS_COLORS = 
# environment
XDG_SESSION_DESKTOP = xubuntu
# environment
SSH_AUTH_SOCK = /run/user/1001/keyring/ssh
# automatic
%F = $(notdir $%)
# environment
DISPLAY = :0.0
# environment
VSCODE_PIPE_LOGGING = true
# environment
PWD = /home/user42/Documents/so_long
# environment
QT_QPA_PLATFORMTHEME = gtk2
# environment
XDG_SEAT = seat0
# environment
SSH_AGENT_PID = 2023
# environment
ORIGINAL_XDG_CURRENT_DESKTOP = XFCE
# environment
VSCODE_AMD_ENTRYPOINT = vs/workbench/services/extensions/node/extensionHostProcess
# environment
HOME = /home/user42
# environment
VSCODE_CODE_CACHE_PATH = /home/user42/.config/Code/CachedData/899d46d82c4c95423fb7e10e68eba52050e30ba3
# environment
LOGNAME = user42
# environment
APPLICATION_INSIGHTS_NO_DIAGNOSTIC_CHANNEL = true
# environment
ZSH = /home/user42/.oh-my-zsh
# makefile (from 'Makefile', line 3)
CFLAG = -Wall -Wextra -Werror
# environment
VSCODE_HANDLES_UNCAUGHT_ERRORS = true
# automatic
^D = $(patsubst %/,%,$(dir $^))
 
# environment
XDG_VTNR = 7
# environment
CLUTTER_BACKEND = x11
# environment
GLADE_CATALOG_PATH = :
# default
MAKE = $(MAKE_COMMAND)
# default
MAKECMDGOALS := all
# environment
SHLVL = 0
# makefile (from 'Makefile', line 2)
CC = gcc
# environment
XDG_SESSION_ID = c2
# environment
USER = user42
# makefile
.DEFAULT_GOAL := all
# environment
XDG_CURRENT_DESKTOP = XFCE
# makefile (from 'Makefile', line 1)
NAME = so_long
# environment
LESS = -R
# automatic
%D = $(patsubst %/,%,$(dir $%))
# default
MAKE_COMMAND := make
# environment
OLDPWD = /home/user42
# default
.VARIABLES := 
# automatic
*F = $(notdir $*)
# environment
LANGUAGE = fr_FR
# environment
XDG_SEAT_PATH = /org/freedesktop/DisplayManager/Seat0
# environment
VSCODE_IPC_HOOK = /run/user/1001/vscode-6f96cc86-1.63.2-main.sock
# makefile
MAKEFLAGS = pqrR
# environment
MFLAGS = -pqrR
# automatic
*D = $(patsubst %/,%,$(dir $*))
# environment
BREAKPAD_DUMP_LOCATION = /home/user42/.config/Code/exthost Crash Reports
# automatic
+D = $(patsubst %/,%,$(dir $+))
# environment
GDK_BACKEND = x11
# automatic
+F = $(notdir $+)
# environment
S_COLORS = auto
# environment
QT_ACCESSIBILITY = 1
# default
MAKEFILES := 
# automatic
<F = $(notdir $<)
# environment
ELECTRON_RUN_AS_NODE = 1
# makefile (from 'Makefile', line 4)
MLXFLAG = -lmlx -lXext -lX11
# environment
PAGER = less
# environment
LC_ALL = C
# automatic
^F = $(notdir $^)
# default
SUFFIXES := 
# environment
CHROME_DESKTOP = code-url-handler.desktop
# default
.INCLUDE_DIRS = /usr/include /usr/local/include /usr/include
# default
.RECIPEPREFIX := 
# environment
LANG = C
# environment
VSCODE_PID = 2313
# variable set hash-table stats:
# Load=108/1024=11%, Rehash=0, Collisions=12/153=8%

# Pattern-specific Variable Values

# No pattern-specific variable values.

# Directories

# utils (device 2049, inode 1052181): 5 files, no impossibilities so far.
# . (device 2049, inode 537553): 17 files, no impossibilities.
# gnl (device 2049, inode 1047137): 5 files, no impossibilities so far.
# src (device 2049, inode 1046875): 3 files, no impossibilities so far.

# 30 files, no impossibilities in 4 directories.

# Implicit Rules

obj/%.o: %.c
#  recipe to execute (from 'Makefile', line 21):
	mkdir -p $(OBJ_DIR) $(OBJ_DIR)/src $(OBJ_DIR)/utils $(OBJ_DIR)/gnl
	$(CC) $(CFLAGS) -I/usr/include -Imlx_linux -O3 -c $< -o $@

# 1 implicit rules, 0 (0.0%) terminal.

# Files

# Not a target:
utils/map_read.c:
#  Implicit rule search has been done.
#  Last modified 2022-01-24 11:59:40.179077968
#  File has been updated.
#  Successfully updated.

obj/gnl/get_next_line.o: gnl/get_next_line.c
#  Implicit rule search has been done.
#  Implicit/static pattern stem: 'gnl/get_next_line'
#  Last modified 2022-01-24 17:20:00.776070596
#  File has been updated.
#  Successfully updated.
#  recipe to execute (from 'Makefile', line 21):
	mkdir -p $(OBJ_DIR) $(OBJ_DIR)/src $(OBJ_DIR)/utils $(OBJ_DIR)/gnl
	$(CC) $(CFLAGS) -I/usr/include -Imlx_linux -O3 -c $< -o $@

all: so_long
#  Phony target (prerequisite of .PHONY).
#  Command line target.
#  Implicit rule search has not been done.
#  File does not exist.
#  File has been updated.
#  Needs to be updated (-q is set).
# variable set hash-table stats:
# Load=0/32=0%, Rehash=0, Collisions=0/14=0%

# Not a target:
gnl/get_next_line.c:
#  Implicit rule search has been done.
#  Last modified 2022-01-23 17:13:09.585759367
#  File has been updated.
#  Successfully updated.

.PHONY: all clean fclean re
#  Implicit rule search has not been done.
#  Modification time never checked.
#  File has not been updated.

# Not a target:
.SUFFIXES:
#  Implicit rule search has not been done.
#  Modification time never checked.
#  File has not been updated.

# Not a target:
Makefile:
#  Implicit rule search has been done.
#  Last modified 2022-01-24 17:20:27.704071125
#  File has been updated.
#  Successfully updated.

obj/src/so_long.o: src/so_long.c
#  Implicit rule search has been done.
#  Implicit/static pattern stem: 'src/so_long'
#  Last modified 2022-01-24 17:19:59.592070573
#  File has been updated.
#  Successfully updated.
#  recipe to execute (from 'Makefile', line 21):
	mkdir -p $(OBJ_DIR) $(OBJ_DIR)/src $(OBJ_DIR)/utils $(OBJ_DIR)/gnl
	$(CC) $(CFLAGS) -I/usr/include -Imlx_linux -O3 -c $< -o $@

# Not a target:
src/generate_map.c:
#  Implicit rule search has been done.
#  Last modified 2022-01-24 17:09:39.23205838
#  File has been updated.
#  Successfully updated.

obj/utils/error.o: utils/error.c
#  Implicit rule search has been done.
#  Implicit/static pattern stem: 'utils/error'
#  Last modified 2022-01-24 17:20:00.548070592
#  File has been updated.
#  Successfully updated.
#  recipe to execute (from 'Makefile', line 21):
	mkdir -p $(OBJ_DIR) $(OBJ_DIR)/src $(OBJ_DIR)/utils $(OBJ_DIR)/gnl
	$(CC) $(CFLAGS) -I/usr/include -Imlx_linux -O3 -c $< -o $@

fclean: clean
#  Phony target (prerequisite of .PHONY).
#  Implicit rule search has not been done.
#  File does not exist.
#  File has not been updated.
#  recipe to execute (from 'Makefile', line 29):
	rm -rf $(NAME)

obj/utils/map_check.o: utils/map_check.c
#  Implicit rule search has been done.
#  Implicit/static pattern stem: 'utils/map_check'
#  Last modified 2022-01-24 17:20:00.020070581
#  File has been updated.
#  Successfully updated.
#  recipe to execute (from 'Makefile', line 21):
	mkdir -p $(OBJ_DIR) $(OBJ_DIR)/src $(OBJ_DIR)/utils $(OBJ_DIR)/gnl
	$(CC) $(CFLAGS) -I/usr/include -Imlx_linux -O3 -c $< -o $@

# Not a target:
.DEFAULT:
#  Implicit rule search has not been done.
#  Modification time never checked.
#  File has not been updated.

obj/utils/map_read.o: utils/map_read.c
#  Implicit rule search has been done.
#  Implicit/static pattern stem: 'utils/map_read'
#  Last modified 2022-01-24 17:20:00.324070587
#  File has been updated.
#  Successfully updated.
#  recipe to execute (from 'Makefile', line 21):
	mkdir -p $(OBJ_DIR) $(OBJ_DIR)/src $(OBJ_DIR)/utils $(OBJ_DIR)/gnl
	$(CC) $(CFLAGS) -I/usr/include -Imlx_linux -O3 -c $< -o $@

re: fclean all
#  Phony target (prerequisite of .PHONY).
#  Implicit rule search has not been done.
#  File does not exist.
#  File has not been updated.

clean:
#  Phony target (prerequisite of .PHONY).
#  Implicit rule search has not been done.
#  File does not exist.
#  File has not been updated.
#  recipe to execute (from 'Makefile', line 25):
	$(MAKE) -C ./libft fclean
	rm -rf $(OBJ) $(OBJ_DIR)

obj/gnl/get_next_line_utils.o: gnl/get_next_line_utils.c
#  Implicit rule search has been done.
#  Implicit/static pattern stem: 'gnl/get_next_line_utils'
#  Last modified 2022-01-24 17:20:01.064070602
#  File has been updated.
#  Successfully updated.
#  recipe to execute (from 'Makefile', line 21):
	mkdir -p $(OBJ_DIR) $(OBJ_DIR)/src $(OBJ_DIR)/utils $(OBJ_DIR)/gnl
	$(CC) $(CFLAGS) -I/usr/include -Imlx_linux -O3 -c $< -o $@

# Not a target:
gnl/get_next_line_utils.c:
#  Implicit rule search has been done.
#  Last modified 2022-01-16 22:48:49.892283041
#  File has been updated.
#  Successfully updated.

obj/src/generate_map.o: src/generate_map.c
#  Implicit rule search has been done.
#  Implicit/static pattern stem: 'src/generate_map'
#  Last modified 2022-01-24 17:19:59.664070574
#  File has been updated.
#  Successfully updated.
#  recipe to execute (from 'Makefile', line 21):
	mkdir -p $(OBJ_DIR) $(OBJ_DIR)/src $(OBJ_DIR)/utils $(OBJ_DIR)/gnl
	$(CC) $(CFLAGS) -I/usr/include -Imlx_linux -O3 -c $< -o $@

so_long: obj/src/so_long.o obj/src/generate_map.o obj/utils/map_check.o obj/utils/map_read.o obj/utils/error.o obj/gnl/get_next_line.o obj/gnl/get_next_line_utils.o
#  Implicit rule search has not been done.
#  Implicit/static pattern stem: ''
#  Last modified 2514-05-30 02:53:03.107374182
#  File has been updated.
#  Needs to be updated (-q is set).
# automatic
# @ := so_long
# automatic
# % := 
# automatic
 
# * := 
# automatic
# + := obj/src/so_long.o obj/src/generate_map.o obj/utils/map_check.o obj/utils/map_read.o obj/utils/error.o obj/gnl/get_next_line.o obj/gnl/get_next_line_utils.o
# automatic
# | := 
# automatic
# < := obj/src/so_long.o
# automatic
# ^ := obj/src/so_long.o obj/src/generate_map.o obj/utils/map_check.o obj/utils/map_read.o obj/utils/error.o obj/gnl/get_next_line.o obj/gnl/get_next_line_utils.o
# automatic
# ? := obj/src/so_long.o obj/src/generate_map.o obj/utils/map_check.o obj/utils/map_read.o obj/utils/error.o obj/gnl/get_next_line.o obj/gnl/get_next_line_utils.o
# variable set hash-table stats:
# Load=8/32=25%, Rehash=0, Collisions=5/22=23%
#  recipe to execute (from 'Makefile', line 17):
	$(MAKE) -C ./libft
	$(CC) $(OBJ) $(MLXFLAG) -g ./libft/libft.a -o $(NAME)

# Not a target:
utils/error.c:
#  Implicit rule search has been done.
#  Last modified 2022-01-24 11:59:35.515077877
#  File has been updated.
#  Successfully updated.

# Not a target:
src/so_long.c:
#  Implicit rule search has been done.
#  Last modified 2022-01-24 17:17:46.768067962
#  File has been updated.
#  Successfully updated.

# Not a target:
utils/map_check.c:
#  Implicit rule search has been done.
#  Last modified 2022-01-24 11:59:42.863078021
#  File has been updated.
#  Successfully updated.

# files hash-table stats:
# Load=23/1024=2%, Rehash=0, Collisions=0/72=0%
# VPATH Search Paths

# No 'vpath' search paths.

# No general ('VPATH' variable) search path.

# strcache buffers: 1 (0) / strings = 58 / storage = 720 B / avg = 12 B
# current buf: size = 8162 B / used = 720 B / count = 58 / avg = 12 B

# strcache performance: lookups = 93 / hit rate = 37%
# hash-table stats:
# Load=58/8192=1%, Rehash=0, Collisions=3/93=3%
# Finished Make data base on Mon Jan 24 17:20:29 2022

 
